INFO:root:start with arguments Namespace(batch_size=32, benchmark=0, data_nthreads=4, data_train='rec/img_train.rec', data_train_idx='', data_val='rec/img_val.rec', data_val_idx='', disp_batches=20, dtype='float32', gc_threshold=0.5, gc_type='none', gpus='0', image_shape='3,224,224', kv_store='device', load_epoch=None, lr=0.01, lr_factor=0.1, lr_step_epochs='6,8', max_random_aspect_ratio=0, max_random_h=0, max_random_l=0, max_random_rotate_angle=0, max_random_s=0, max_random_scale=1, max_random_shear_ratio=0, min_random_scale=1, model_prefix='models/img_cls', mom=0.9, monitor=0, network='resnet', num_classes=2, num_epochs=10, num_examples=20000, num_layers=18, optimizer='sgd', pad_size=0, random_crop=1, random_mirror=1, rgb_mean='123.68,116.779,103.939', test_io=0, top_k=0, wd=0.0001)
INFO:root:Epoch[0] Batch [20]	Speed: 142.33 samples/sec	accuracy=0.562500
INFO:root:Epoch[0] Batch [40]	Speed: 143.53 samples/sec	accuracy=0.510938
INFO:root:Epoch[0] Batch [60]	Speed: 142.71 samples/sec	accuracy=0.581250
INFO:root:Epoch[0] Batch [80]	Speed: 139.26 samples/sec	accuracy=0.601562
INFO:root:Epoch[0] Batch [100]	Speed: 142.41 samples/sec	accuracy=0.576562
INFO:root:Epoch[0] Batch [120]	Speed: 141.28 samples/sec	accuracy=0.604688
INFO:root:Epoch[0] Batch [140]	Speed: 142.57 samples/sec	accuracy=0.640625
INFO:root:Epoch[0] Batch [160]	Speed: 143.39 samples/sec	accuracy=0.660937
INFO:root:Epoch[0] Batch [180]	Speed: 141.75 samples/sec	accuracy=0.587500
INFO:root:Epoch[0] Batch [200]	Speed: 140.49 samples/sec	accuracy=0.659375
INFO:root:Epoch[0] Batch [220]	Speed: 142.85 samples/sec	accuracy=0.690625
INFO:root:Epoch[0] Batch [240]	Speed: 142.22 samples/sec	accuracy=0.678125
INFO:root:Epoch[0] Batch [260]	Speed: 143.88 samples/sec	accuracy=0.706250
INFO:root:Epoch[0] Batch [280]	Speed: 143.74 samples/sec	accuracy=0.690625
INFO:root:Epoch[0] Batch [300]	Speed: 143.12 samples/sec	accuracy=0.701562
INFO:root:Epoch[0] Batch [320]	Speed: 143.09 samples/sec	accuracy=0.703125
INFO:root:Epoch[0] Batch [340]	Speed: 142.96 samples/sec	accuracy=0.726562
INFO:root:Epoch[0] Batch [360]	Speed: 141.40 samples/sec	accuracy=0.709375
INFO:root:Epoch[0] Batch [380]	Speed: 141.45 samples/sec	accuracy=0.706250
INFO:root:Epoch[0] Batch [400]	Speed: 141.95 samples/sec	accuracy=0.714063
INFO:root:Epoch[0] Batch [420]	Speed: 141.44 samples/sec	accuracy=0.735938
INFO:root:Epoch[0] Batch [440]	Speed: 140.93 samples/sec	accuracy=0.726562
INFO:root:Epoch[0] Batch [460]	Speed: 139.11 samples/sec	accuracy=0.712500
INFO:root:Epoch[0] Batch [480]	Speed: 143.36 samples/sec	accuracy=0.732812
INFO:root:Epoch[0] Batch [500]	Speed: 142.67 samples/sec	accuracy=0.725000
INFO:root:Epoch[0] Batch [520]	Speed: 142.45 samples/sec	accuracy=0.739062
INFO:root:Epoch[0] Batch [540]	Speed: 143.16 samples/sec	accuracy=0.735938
INFO:root:Epoch[0] Batch [560]	Speed: 142.88 samples/sec	accuracy=0.729688
INFO:root:Epoch[0] Batch [580]	Speed: 142.55 samples/sec	accuracy=0.696875
INFO:root:Epoch[0] Batch [600]	Speed: 140.46 samples/sec	accuracy=0.742188
INFO:root:Epoch[0] Batch [620]	Speed: 141.47 samples/sec	accuracy=0.740625
INFO:root:Epoch[0] Train-accuracy=0.671875
INFO:root:Epoch[0] Time cost=140.990
INFO:root:Saved checkpoint to "models/img_cls-0001.params"
INFO:root:Epoch[0] Validation-accuracy=0.710788
INFO:root:Epoch[1] Batch [20]	Speed: 143.88 samples/sec	accuracy=0.732143
INFO:root:Epoch[1] Batch [40]	Speed: 143.53 samples/sec	accuracy=0.737500
INFO:root:Epoch[1] Batch [60]	Speed: 143.82 samples/sec	accuracy=0.753125
INFO:root:Epoch[1] Batch [80]	Speed: 143.19 samples/sec	accuracy=0.725000
INFO:root:Epoch[1] Batch [100]	Speed: 142.66 samples/sec	accuracy=0.765625
INFO:root:Epoch[1] Batch [120]	Speed: 142.51 samples/sec	accuracy=0.731250
INFO:root:Epoch[1] Batch [140]	Speed: 141.23 samples/sec	accuracy=0.764062
INFO:root:Epoch[1] Batch [160]	Speed: 142.81 samples/sec	accuracy=0.756250
INFO:root:Epoch[1] Batch [180]	Speed: 142.21 samples/sec	accuracy=0.778125
INFO:root:Epoch[1] Batch [200]	Speed: 141.00 samples/sec	accuracy=0.776563
INFO:root:Epoch[1] Batch [220]	Speed: 143.55 samples/sec	accuracy=0.746875
INFO:root:Epoch[1] Batch [240]	Speed: 141.79 samples/sec	accuracy=0.773438
INFO:root:Epoch[1] Batch [260]	Speed: 141.19 samples/sec	accuracy=0.771875
INFO:root:Epoch[1] Batch [280]	Speed: 143.36 samples/sec	accuracy=0.762500
INFO:root:Epoch[1] Batch [300]	Speed: 140.47 samples/sec	accuracy=0.762500
INFO:root:Epoch[1] Batch [320]	Speed: 143.83 samples/sec	accuracy=0.793750
INFO:root:Epoch[1] Batch [340]	Speed: 142.82 samples/sec	accuracy=0.795312
INFO:root:Epoch[1] Batch [360]	Speed: 142.97 samples/sec	accuracy=0.773438
INFO:root:Epoch[1] Batch [380]	Speed: 140.07 samples/sec	accuracy=0.782813
INFO:root:Epoch[1] Batch [400]	Speed: 142.52 samples/sec	accuracy=0.776563
INFO:root:Epoch[1] Batch [420]	Speed: 143.05 samples/sec	accuracy=0.784375
INFO:root:Epoch[1] Batch [440]	Speed: 142.66 samples/sec	accuracy=0.775000
INFO:root:Epoch[1] Batch [460]	Speed: 142.93 samples/sec	accuracy=0.785937
INFO:root:Epoch[1] Batch [480]	Speed: 141.53 samples/sec	accuracy=0.829688
INFO:root:Epoch[1] Batch [500]	Speed: 143.18 samples/sec	accuracy=0.815625
INFO:root:Epoch[1] Batch [520]	Speed: 142.63 samples/sec	accuracy=0.801562
INFO:root:Epoch[1] Batch [540]	Speed: 141.82 samples/sec	accuracy=0.815625
INFO:root:Epoch[1] Batch [560]	Speed: 143.97 samples/sec	accuracy=0.789062
INFO:root:Epoch[1] Batch [580]	Speed: 141.46 samples/sec	accuracy=0.789062
INFO:root:Epoch[1] Batch [600]	Speed: 142.76 samples/sec	accuracy=0.818750
INFO:root:Epoch[1] Batch [620]	Speed: 142.30 samples/sec	accuracy=0.804688
INFO:root:Epoch[1] Train-accuracy=0.765625
INFO:root:Epoch[1] Time cost=140.342
INFO:root:Saved checkpoint to "models/img_cls-0002.params"
INFO:root:Epoch[1] Validation-accuracy=0.817308
INFO:root:Epoch[2] Batch [20]	Speed: 144.27 samples/sec	accuracy=0.822917
INFO:root:Epoch[2] Batch [40]	Speed: 142.49 samples/sec	accuracy=0.809375
INFO:root:Epoch[2] Batch [60]	Speed: 142.38 samples/sec	accuracy=0.823438
INFO:root:Epoch[2] Batch [80]	Speed: 141.72 samples/sec	accuracy=0.809375
INFO:root:Epoch[2] Batch [100]	Speed: 140.26 samples/sec	accuracy=0.760938
INFO:root:Epoch[2] Batch [120]	Speed: 143.12 samples/sec	accuracy=0.781250
INFO:root:Epoch[2] Batch [140]	Speed: 142.95 samples/sec	accuracy=0.831250
INFO:root:Epoch[2] Batch [160]	Speed: 142.95 samples/sec	accuracy=0.825000
INFO:root:Epoch[2] Batch [180]	Speed: 140.42 samples/sec	accuracy=0.814063
INFO:root:Epoch[2] Batch [200]	Speed: 140.05 samples/sec	accuracy=0.795312
INFO:root:Epoch[2] Batch [220]	Speed: 142.67 samples/sec	accuracy=0.814063
INFO:root:Epoch[2] Batch [240]	Speed: 142.76 samples/sec	accuracy=0.809375
INFO:root:Epoch[2] Batch [260]	Speed: 142.74 samples/sec	accuracy=0.829688
INFO:root:Epoch[2] Batch [280]	Speed: 143.94 samples/sec	accuracy=0.831250
INFO:root:Epoch[2] Batch [300]	Speed: 143.57 samples/sec	accuracy=0.839063
INFO:root:Epoch[2] Batch [320]	Speed: 140.66 samples/sec	accuracy=0.826562
INFO:root:Epoch[2] Batch [340]	Speed: 141.16 samples/sec	accuracy=0.801562
INFO:root:Epoch[2] Batch [360]	Speed: 141.79 samples/sec	accuracy=0.784375
INFO:root:Epoch[2] Batch [380]	Speed: 143.80 samples/sec	accuracy=0.801562
INFO:root:Epoch[2] Batch [400]	Speed: 141.96 samples/sec	accuracy=0.862500
INFO:root:Epoch[2] Batch [420]	Speed: 141.11 samples/sec	accuracy=0.840625
INFO:root:Epoch[2] Batch [440]	Speed: 142.80 samples/sec	accuracy=0.837500
INFO:root:Epoch[2] Batch [460]	Speed: 142.79 samples/sec	accuracy=0.814063
INFO:root:Epoch[2] Batch [480]	Speed: 143.28 samples/sec	accuracy=0.820312
INFO:root:Epoch[2] Batch [500]	Speed: 142.86 samples/sec	accuracy=0.812500
INFO:root:Epoch[2] Batch [520]	Speed: 142.95 samples/sec	accuracy=0.860938
INFO:root:Epoch[2] Batch [540]	Speed: 142.46 samples/sec	accuracy=0.835938
INFO:root:Epoch[2] Batch [560]	Speed: 143.50 samples/sec	accuracy=0.835938
INFO:root:Epoch[2] Batch [580]	Speed: 142.92 samples/sec	accuracy=0.807813
INFO:root:Epoch[2] Batch [600]	Speed: 141.00 samples/sec	accuracy=0.864062
INFO:root:Epoch[2] Batch [620]	Speed: 141.88 samples/sec	accuracy=0.840625
INFO:root:Epoch[2] Train-accuracy=0.859375
INFO:root:Epoch[2] Time cost=140.468
INFO:root:Saved checkpoint to "models/img_cls-0003.params"
INFO:root:Epoch[2] Validation-accuracy=0.709736
INFO:root:Epoch[3] Batch [20]	Speed: 141.97 samples/sec	accuracy=0.857143
INFO:root:Epoch[3] Batch [40]	Speed: 142.52 samples/sec	accuracy=0.850000
INFO:root:Epoch[3] Batch [60]	Speed: 142.52 samples/sec	accuracy=0.865625
INFO:root:Epoch[3] Batch [80]	Speed: 139.53 samples/sec	accuracy=0.851562
INFO:root:Epoch[3] Batch [100]	Speed: 142.57 samples/sec	accuracy=0.845313
INFO:root:Epoch[3] Batch [120]	Speed: 142.87 samples/sec	accuracy=0.839063
INFO:root:Epoch[3] Batch [140]	Speed: 142.93 samples/sec	accuracy=0.854688
INFO:root:Epoch[3] Batch [160]	Speed: 145.33 samples/sec	accuracy=0.843750
INFO:root:Epoch[3] Batch [180]	Speed: 141.02 samples/sec	accuracy=0.823438
INFO:root:Epoch[3] Batch [200]	Speed: 141.43 samples/sec	accuracy=0.859375
INFO:root:Epoch[3] Batch [220]	Speed: 143.12 samples/sec	accuracy=0.835938
INFO:root:Epoch[3] Batch [240]	Speed: 143.19 samples/sec	accuracy=0.842187
INFO:root:Epoch[3] Batch [260]	Speed: 143.03 samples/sec	accuracy=0.862500
INFO:root:Epoch[3] Batch [280]	Speed: 141.54 samples/sec	accuracy=0.873437
INFO:root:Epoch[3] Batch [300]	Speed: 142.28 samples/sec	accuracy=0.865625
INFO:root:Epoch[3] Batch [320]	Speed: 141.10 samples/sec	accuracy=0.856250
INFO:root:Epoch[3] Batch [340]	Speed: 142.05 samples/sec	accuracy=0.823438
INFO:root:Epoch[3] Batch [360]	Speed: 142.70 samples/sec	accuracy=0.815625
INFO:root:Epoch[3] Batch [380]	Speed: 141.83 samples/sec	accuracy=0.868750
INFO:root:Epoch[3] Batch [400]	Speed: 141.02 samples/sec	accuracy=0.854688
INFO:root:Epoch[3] Batch [420]	Speed: 142.19 samples/sec	accuracy=0.848437
INFO:root:Epoch[3] Batch [440]	Speed: 143.32 samples/sec	accuracy=0.879687
INFO:root:Epoch[3] Batch [460]	Speed: 142.41 samples/sec	accuracy=0.870313
INFO:root:Epoch[3] Batch [480]	Speed: 142.88 samples/sec	accuracy=0.870313
INFO:root:Epoch[3] Batch [500]	Speed: 143.40 samples/sec	accuracy=0.873437
INFO:root:Epoch[3] Batch [520]	Speed: 140.90 samples/sec	accuracy=0.870313
INFO:root:Epoch[3] Batch [540]	Speed: 143.06 samples/sec	accuracy=0.865625
INFO:root:Epoch[3] Batch [560]	Speed: 143.37 samples/sec	accuracy=0.839063
INFO:root:Epoch[3] Batch [580]	Speed: 143.06 samples/sec	accuracy=0.873437
INFO:root:Epoch[3] Batch [600]	Speed: 141.58 samples/sec	accuracy=0.857812
INFO:root:Epoch[3] Batch [620]	Speed: 143.47 samples/sec	accuracy=0.875000
INFO:root:Epoch[3] Train-accuracy=0.867188
INFO:root:Epoch[3] Time cost=140.502
INFO:root:Saved checkpoint to "models/img_cls-0004.params"
INFO:root:Epoch[3] Validation-accuracy=0.794471
INFO:root:Epoch[4] Batch [20]	Speed: 142.15 samples/sec	accuracy=0.879464
INFO:root:Epoch[4] Batch [40]	Speed: 140.33 samples/sec	accuracy=0.881250
INFO:root:Epoch[4] Batch [60]	Speed: 142.58 samples/sec	accuracy=0.884375
INFO:root:Epoch[4] Batch [80]	Speed: 142.59 samples/sec	accuracy=0.846875
INFO:root:Epoch[4] Batch [100]	Speed: 142.96 samples/sec	accuracy=0.889062
INFO:root:Epoch[4] Batch [120]	Speed: 142.18 samples/sec	accuracy=0.860938
INFO:root:Epoch[4] Batch [140]	Speed: 140.74 samples/sec	accuracy=0.893750
INFO:root:Epoch[4] Batch [160]	Speed: 143.52 samples/sec	accuracy=0.860938
INFO:root:Epoch[4] Batch [180]	Speed: 142.66 samples/sec	accuracy=0.867188
INFO:root:Epoch[4] Batch [200]	Speed: 141.36 samples/sec	accuracy=0.876563
INFO:root:Epoch[4] Batch [220]	Speed: 141.80 samples/sec	accuracy=0.870313
INFO:root:Epoch[4] Batch [240]	Speed: 142.12 samples/sec	accuracy=0.862500
INFO:root:Epoch[4] Batch [260]	Speed: 142.12 samples/sec	accuracy=0.856250
INFO:root:Epoch[4] Batch [280]	Speed: 143.20 samples/sec	accuracy=0.884375
INFO:root:Epoch[4] Batch [300]	Speed: 142.44 samples/sec	accuracy=0.904687
INFO:root:Epoch[4] Batch [320]	Speed: 140.31 samples/sec	accuracy=0.876563
INFO:root:Epoch[4] Batch [340]	Speed: 142.72 samples/sec	accuracy=0.871875
INFO:root:Epoch[4] Batch [360]	Speed: 143.24 samples/sec	accuracy=0.867188
INFO:root:Epoch[4] Batch [380]	Speed: 142.74 samples/sec	accuracy=0.873437
INFO:root:Epoch[4] Batch [400]	Speed: 141.88 samples/sec	accuracy=0.864062
INFO:root:Epoch[4] Batch [420]	Speed: 141.21 samples/sec	accuracy=0.878125
INFO:root:Epoch[4] Batch [440]	Speed: 143.06 samples/sec	accuracy=0.882812
INFO:root:Epoch[4] Batch [460]	Speed: 139.77 samples/sec	accuracy=0.901563
INFO:root:Epoch[4] Batch [480]	Speed: 140.93 samples/sec	accuracy=0.892188
INFO:root:Epoch[4] Batch [500]	Speed: 141.38 samples/sec	accuracy=0.890625
INFO:root:Epoch[4] Batch [520]	Speed: 142.28 samples/sec	accuracy=0.915625
INFO:root:Epoch[4] Batch [540]	Speed: 143.13 samples/sec	accuracy=0.876563
INFO:root:Epoch[4] Batch [560]	Speed: 138.82 samples/sec	accuracy=0.895312
INFO:root:Epoch[4] Batch [580]	Speed: 140.38 samples/sec	accuracy=0.889062
INFO:root:Epoch[4] Batch [600]	Speed: 143.22 samples/sec	accuracy=0.879687
INFO:root:Epoch[4] Batch [620]	Speed: 142.63 samples/sec	accuracy=0.876563
INFO:root:Epoch[4] Train-accuracy=0.867188
INFO:root:Epoch[4] Time cost=140.900
INFO:root:Saved checkpoint to "models/img_cls-0005.params"
INFO:root:Epoch[4] Validation-accuracy=0.909236
INFO:root:Epoch[5] Batch [20]	Speed: 142.08 samples/sec	accuracy=0.892857
INFO:root:Epoch[5] Batch [40]	Speed: 142.54 samples/sec	accuracy=0.903125
INFO:root:Epoch[5] Batch [60]	Speed: 142.99 samples/sec	accuracy=0.900000
INFO:root:Epoch[5] Batch [80]	Speed: 142.00 samples/sec	accuracy=0.895312
INFO:root:Epoch[5] Batch [100]	Speed: 142.14 samples/sec	accuracy=0.898438
INFO:root:Epoch[5] Batch [120]	Speed: 142.80 samples/sec	accuracy=0.895312
INFO:root:Epoch[5] Batch [140]	Speed: 143.36 samples/sec	accuracy=0.903125
INFO:root:Epoch[5] Batch [160]	Speed: 140.22 samples/sec	accuracy=0.875000
INFO:root:Epoch[5] Batch [180]	Speed: 141.98 samples/sec	accuracy=0.892188
INFO:root:Epoch[5] Batch [200]	Speed: 142.00 samples/sec	accuracy=0.876563
INFO:root:Epoch[5] Batch [220]	Speed: 140.21 samples/sec	accuracy=0.898438
INFO:root:Epoch[5] Batch [240]	Speed: 141.00 samples/sec	accuracy=0.892188
INFO:root:Epoch[5] Batch [260]	Speed: 141.95 samples/sec	accuracy=0.898438
INFO:root:Epoch[5] Batch [280]	Speed: 143.35 samples/sec	accuracy=0.884375
INFO:root:Epoch[5] Batch [300]	Speed: 141.38 samples/sec	accuracy=0.882812
INFO:root:Epoch[5] Batch [320]	Speed: 141.31 samples/sec	accuracy=0.893750
INFO:root:Epoch[5] Batch [340]	Speed: 141.29 samples/sec	accuracy=0.901563
INFO:root:Epoch[5] Batch [360]	Speed: 143.51 samples/sec	accuracy=0.892188
INFO:root:Epoch[5] Batch [380]	Speed: 142.39 samples/sec	accuracy=0.895312
INFO:root:Epoch[5] Batch [400]	Speed: 142.52 samples/sec	accuracy=0.873437
INFO:root:Epoch[5] Batch [420]	Speed: 140.38 samples/sec	accuracy=0.907813
INFO:root:Epoch[5] Batch [440]	Speed: 141.64 samples/sec	accuracy=0.884375
INFO:root:Epoch[5] Batch [460]	Speed: 142.73 samples/sec	accuracy=0.928125
INFO:root:Epoch[5] Batch [480]	Speed: 141.41 samples/sec	accuracy=0.890625
INFO:root:Epoch[5] Batch [500]	Speed: 142.71 samples/sec	accuracy=0.909375
INFO:root:Epoch[5] Batch [520]	Speed: 142.76 samples/sec	accuracy=0.917188
INFO:root:Epoch[5] Batch [540]	Speed: 142.38 samples/sec	accuracy=0.896875
INFO:root:Epoch[5] Batch [560]	Speed: 143.54 samples/sec	accuracy=0.881250
INFO:root:Epoch[5] Batch [580]	Speed: 144.04 samples/sec	accuracy=0.921875
INFO:root:Epoch[5] Batch [600]	Speed: 143.16 samples/sec	accuracy=0.896875
INFO:root:Epoch[5] Batch [620]	Speed: 141.42 samples/sec	accuracy=0.890625
INFO:root:Epoch[5] Train-accuracy=0.875000
INFO:root:Epoch[5] Time cost=140.638
INFO:root:Saved checkpoint to "models/img_cls-0006.params"
INFO:root:Epoch[5] Validation-accuracy=0.821915
INFO:root:Update[3751]: Change learning rate to 1.00000e-03
INFO:root:Epoch[6] Batch [20]	Speed: 143.02 samples/sec	accuracy=0.855655
INFO:root:Epoch[6] Batch [40]	Speed: 141.56 samples/sec	accuracy=0.906250
INFO:root:Epoch[6] Batch [60]	Speed: 140.01 samples/sec	accuracy=0.926562
INFO:root:Epoch[6] Batch [80]	Speed: 141.36 samples/sec	accuracy=0.914062
INFO:root:Epoch[6] Batch [100]	Speed: 140.35 samples/sec	accuracy=0.914062
INFO:root:Epoch[6] Batch [120]	Speed: 142.22 samples/sec	accuracy=0.895312
INFO:root:Epoch[6] Batch [140]	Speed: 139.50 samples/sec	accuracy=0.929688
INFO:root:Epoch[6] Batch [160]	Speed: 142.51 samples/sec	accuracy=0.915625
INFO:root:Epoch[6] Batch [180]	Speed: 139.82 samples/sec	accuracy=0.915625
INFO:root:Epoch[6] Batch [200]	Speed: 142.20 samples/sec	accuracy=0.914062
INFO:root:Epoch[6] Batch [220]	Speed: 142.70 samples/sec	accuracy=0.921875
INFO:root:Epoch[6] Batch [240]	Speed: 141.90 samples/sec	accuracy=0.914062
INFO:root:Epoch[6] Batch [260]	Speed: 140.95 samples/sec	accuracy=0.926562
INFO:root:Epoch[6] Batch [280]	Speed: 139.39 samples/sec	accuracy=0.926562
INFO:root:Epoch[6] Batch [300]	Speed: 144.47 samples/sec	accuracy=0.929688
INFO:root:Epoch[6] Batch [320]	Speed: 141.32 samples/sec	accuracy=0.934375
INFO:root:Epoch[6] Batch [340]	Speed: 142.13 samples/sec	accuracy=0.925000
INFO:root:Epoch[6] Batch [360]	Speed: 140.90 samples/sec	accuracy=0.915625
INFO:root:Epoch[6] Batch [380]	Speed: 142.67 samples/sec	accuracy=0.928125
INFO:root:Epoch[6] Batch [400]	Speed: 140.80 samples/sec	accuracy=0.923438
INFO:root:Epoch[6] Batch [420]	Speed: 143.01 samples/sec	accuracy=0.929688
INFO:root:Epoch[6] Batch [440]	Speed: 142.22 samples/sec	accuracy=0.921875
INFO:root:Epoch[6] Batch [460]	Speed: 141.52 samples/sec	accuracy=0.943750
INFO:root:Epoch[6] Batch [480]	Speed: 142.32 samples/sec	accuracy=0.937500
INFO:root:Epoch[6] Batch [500]	Speed: 142.61 samples/sec	accuracy=0.943750
INFO:root:Epoch[6] Batch [520]	Speed: 143.40 samples/sec	accuracy=0.942187
INFO:root:Epoch[6] Batch [540]	Speed: 140.41 samples/sec	accuracy=0.917188
INFO:root:Epoch[6] Batch [560]	Speed: 142.24 samples/sec	accuracy=0.934375
INFO:root:Epoch[6] Batch [580]	Speed: 140.53 samples/sec	accuracy=0.937500
INFO:root:Epoch[6] Batch [600]	Speed: 143.17 samples/sec	accuracy=0.926562
INFO:root:Epoch[6] Batch [620]	Speed: 141.15 samples/sec	accuracy=0.937500
INFO:root:Epoch[6] Train-accuracy=0.953125
INFO:root:Epoch[6] Time cost=141.129
INFO:root:Saved checkpoint to "models/img_cls-0007.params"
INFO:root:Epoch[6] Validation-accuracy=0.942508
INFO:root:Epoch[7] Batch [20]	Speed: 141.29 samples/sec	accuracy=0.904762
INFO:root:Epoch[7] Batch [40]	Speed: 143.75 samples/sec	accuracy=0.943750
INFO:root:Epoch[7] Batch [60]	Speed: 143.01 samples/sec	accuracy=0.931250
INFO:root:Epoch[7] Batch [80]	Speed: 142.06 samples/sec	accuracy=0.923438
INFO:root:Epoch[7] Batch [100]	Speed: 139.65 samples/sec	accuracy=0.935937
INFO:root:Epoch[7] Batch [120]	Speed: 141.34 samples/sec	accuracy=0.900000
INFO:root:Epoch[7] Batch [140]	Speed: 141.22 samples/sec	accuracy=0.954688
INFO:root:Epoch[7] Batch [160]	Speed: 142.63 samples/sec	accuracy=0.925000
INFO:root:Epoch[7] Batch [180]	Speed: 143.47 samples/sec	accuracy=0.926562
INFO:root:Epoch[7] Batch [200]	Speed: 142.60 samples/sec	accuracy=0.929688
INFO:root:Epoch[7] Batch [220]	Speed: 140.66 samples/sec	accuracy=0.937500
INFO:root:Epoch[7] Batch [240]	Speed: 141.83 samples/sec	accuracy=0.914062
INFO:root:Epoch[7] Batch [260]	Speed: 144.52 samples/sec	accuracy=0.914062
INFO:root:Epoch[7] Batch [280]	Speed: 141.67 samples/sec	accuracy=0.929688
INFO:root:Epoch[7] Batch [300]	Speed: 141.22 samples/sec	accuracy=0.931250
INFO:root:Epoch[7] Batch [320]	Speed: 141.27 samples/sec	accuracy=0.931250
INFO:root:Epoch[7] Batch [340]	Speed: 142.03 samples/sec	accuracy=0.935937
INFO:root:Epoch[7] Batch [360]	Speed: 143.21 samples/sec	accuracy=0.907813
INFO:root:Epoch[7] Batch [380]	Speed: 144.02 samples/sec	accuracy=0.928125
INFO:root:Epoch[7] Batch [400]	Speed: 142.04 samples/sec	accuracy=0.892188
INFO:root:Epoch[7] Batch [420]	Speed: 141.62 samples/sec	accuracy=0.939063
INFO:root:Epoch[7] Batch [440]	Speed: 141.60 samples/sec	accuracy=0.942187
INFO:root:Epoch[7] Batch [460]	Speed: 143.45 samples/sec	accuracy=0.935937
INFO:root:Epoch[7] Batch [480]	Speed: 143.45 samples/sec	accuracy=0.923438
INFO:root:Epoch[7] Batch [500]	Speed: 143.52 samples/sec	accuracy=0.935937
INFO:root:Epoch[7] Batch [520]	Speed: 141.97 samples/sec	accuracy=0.937500
INFO:root:Epoch[7] Batch [540]	Speed: 142.11 samples/sec	accuracy=0.918750
INFO:root:Epoch[7] Batch [560]	Speed: 142.02 samples/sec	accuracy=0.943750
INFO:root:Epoch[7] Batch [580]	Speed: 140.80 samples/sec	accuracy=0.928125
INFO:root:Epoch[7] Batch [600]	Speed: 141.16 samples/sec	accuracy=0.943750
INFO:root:Epoch[7] Batch [620]	Speed: 142.89 samples/sec	accuracy=0.928125
INFO:root:Epoch[7] Train-accuracy=0.945312
INFO:root:Epoch[7] Time cost=140.694
INFO:root:Saved checkpoint to "models/img_cls-0008.params"
INFO:root:Epoch[7] Validation-accuracy=0.945713
INFO:root:Update[5001]: Change learning rate to 1.00000e-04
INFO:root:Epoch[8] Batch [20]	Speed: 143.84 samples/sec	accuracy=0.944940
INFO:root:Epoch[8] Batch [40]	Speed: 143.14 samples/sec	accuracy=0.951562
INFO:root:Epoch[8] Batch [60]	Speed: 141.37 samples/sec	accuracy=0.932813
INFO:root:Epoch[8] Batch [80]	Speed: 142.05 samples/sec	accuracy=0.926562
INFO:root:Epoch[8] Batch [100]	Speed: 143.39 samples/sec	accuracy=0.934375
INFO:root:Epoch[8] Batch [120]	Speed: 142.61 samples/sec	accuracy=0.914062
INFO:root:Epoch[8] Batch [140]	Speed: 142.78 samples/sec	accuracy=0.934375
INFO:root:Epoch[8] Batch [160]	Speed: 142.22 samples/sec	accuracy=0.935937
INFO:root:Epoch[8] Batch [180]	Speed: 171.96 samples/sec	accuracy=0.915625
INFO:root:Epoch[8] Batch [200]	Speed: 493.69 samples/sec	accuracy=0.935937
INFO:root:Epoch[8] Batch [220]	Speed: 523.60 samples/sec	accuracy=0.907813
INFO:root:Epoch[8] Batch [240]	Speed: 524.53 samples/sec	accuracy=0.937500
INFO:root:Epoch[8] Batch [260]	Speed: 529.40 samples/sec	accuracy=0.934375
INFO:root:Epoch[8] Batch [280]	Speed: 515.43 samples/sec	accuracy=0.925000
INFO:root:Epoch[8] Batch [300]	Speed: 525.50 samples/sec	accuracy=0.948438
INFO:root:Epoch[8] Batch [320]	Speed: 519.49 samples/sec	accuracy=0.937500
INFO:root:Epoch[8] Batch [340]	Speed: 518.31 samples/sec	accuracy=0.942187
INFO:root:Epoch[8] Batch [360]	Speed: 513.07 samples/sec	accuracy=0.935937
INFO:root:Epoch[8] Batch [380]	Speed: 522.14 samples/sec	accuracy=0.929688
INFO:root:Epoch[8] Batch [400]	Speed: 493.52 samples/sec	accuracy=0.928125
INFO:root:Epoch[8] Batch [420]	Speed: 490.68 samples/sec	accuracy=0.946875
INFO:root:Epoch[8] Batch [440]	Speed: 488.27 samples/sec	accuracy=0.923438
INFO:root:Epoch[8] Batch [460]	Speed: 502.92 samples/sec	accuracy=0.937500
INFO:root:Epoch[8] Batch [480]	Speed: 526.32 samples/sec	accuracy=0.932813
INFO:root:Epoch[8] Batch [500]	Speed: 521.59 samples/sec	accuracy=0.937500
INFO:root:Epoch[8] Batch [520]	Speed: 526.76 samples/sec	accuracy=0.948438
INFO:root:Epoch[8] Batch [540]	Speed: 524.60 samples/sec	accuracy=0.935937
INFO:root:Epoch[8] Batch [560]	Speed: 517.91 samples/sec	accuracy=0.934375
INFO:root:Epoch[8] Batch [580]	Speed: 513.15 samples/sec	accuracy=0.937500
INFO:root:Epoch[8] Batch [600]	Speed: 519.27 samples/sec	accuracy=0.939063
INFO:root:Epoch[8] Batch [620]	Speed: 515.84 samples/sec	accuracy=0.945312
INFO:root:Epoch[8] Train-accuracy=0.929688
INFO:root:Epoch[8] Time cost=67.414
INFO:root:Saved checkpoint to "models/img_cls-0009.params"
INFO:root:Epoch[8] Validation-accuracy=0.946855
INFO:root:Epoch[9] Batch [20]	Speed: 526.44 samples/sec	accuracy=0.921131
INFO:root:Epoch[9] Batch [40]	Speed: 473.28 samples/sec	accuracy=0.940625
INFO:root:Epoch[9] Batch [60]	Speed: 504.06 samples/sec	accuracy=0.945312
INFO:root:Epoch[9] Batch [80]	Speed: 484.35 samples/sec	accuracy=0.934375
INFO:root:Epoch[9] Batch [100]	Speed: 291.47 samples/sec	accuracy=0.929688
INFO:root:Epoch[9] Batch [120]	Speed: 147.40 samples/sec	accuracy=0.918750
INFO:root:Epoch[9] Batch [140]	Speed: 142.35 samples/sec	accuracy=0.932813
INFO:root:Epoch[9] Batch [160]	Speed: 142.76 samples/sec	accuracy=0.939063
INFO:root:Epoch[9] Batch [180]	Speed: 142.13 samples/sec	accuracy=0.939063
INFO:root:Epoch[9] Batch [200]	Speed: 144.09 samples/sec	accuracy=0.921875
INFO:root:Epoch[9] Batch [220]	Speed: 141.01 samples/sec	accuracy=0.920312
INFO:root:Epoch[9] Batch [240]	Speed: 142.26 samples/sec	accuracy=0.925000
INFO:root:Epoch[9] Batch [260]	Speed: 141.41 samples/sec	accuracy=0.932813
INFO:root:Epoch[9] Batch [280]	Speed: 143.32 samples/sec	accuracy=0.935937
INFO:root:Epoch[9] Batch [300]	Speed: 144.36 samples/sec	accuracy=0.934375
INFO:root:Epoch[9] Batch [320]	Speed: 141.82 samples/sec	accuracy=0.929688
INFO:root:Epoch[9] Batch [340]	Speed: 141.96 samples/sec	accuracy=0.945312
INFO:root:Epoch[9] Batch [360]	Speed: 140.29 samples/sec	accuracy=0.934375
INFO:root:Epoch[9] Batch [380]	Speed: 136.69 samples/sec	accuracy=0.946875
INFO:root:Epoch[9] Batch [400]	Speed: 139.68 samples/sec	accuracy=0.926562
INFO:root:Epoch[9] Batch [420]	Speed: 139.06 samples/sec	accuracy=0.943750
INFO:root:Epoch[9] Batch [440]	Speed: 136.62 samples/sec	accuracy=0.929688
INFO:root:Epoch[9] Batch [460]	Speed: 139.48 samples/sec	accuracy=0.937500
INFO:root:Epoch[9] Batch [480]	Speed: 134.52 samples/sec	accuracy=0.931250
INFO:root:Epoch[9] Batch [500]	Speed: 138.10 samples/sec	accuracy=0.937500
INFO:root:Epoch[9] Batch [520]	Speed: 139.34 samples/sec	accuracy=0.939063
INFO:root:Epoch[9] Batch [540]	Speed: 138.06 samples/sec	accuracy=0.925000
INFO:root:Epoch[9] Batch [560]	Speed: 138.50 samples/sec	accuracy=0.931250
INFO:root:Epoch[9] Batch [580]	Speed: 138.71 samples/sec	accuracy=0.945312
INFO:root:Epoch[9] Batch [600]	Speed: 138.17 samples/sec	accuracy=0.948438
INFO:root:Epoch[9] Batch [620]	Speed: 138.71 samples/sec	accuracy=0.937500
INFO:root:Epoch[9] Train-accuracy=0.929688
INFO:root:Epoch[9] Time cost=126.973
INFO:root:Saved checkpoint to "models/img_cls-0010.params"
INFO:root:Epoch[9] Validation-accuracy=0.948918
